<?xml version="1.0" encoding="UTF-8"?>
<!-- Generated by org.testng.reporters.JUnitReportReporter -->
<testsuite hostname="DESKTOP-4JOQSL2" failures="0" tests="1" name="automationFramework.ParameterWithTestNGXML" time="12.525" errors="0" timestamp="2023-07-24T14:30:47 EEST" skipped="0">
  <testcase classname="automationFramework.ParameterWithTestNGXML" name="testParameterWithXML" time="12.525"/>
</testsuite> <!-- automationFramework.ParameterWithTestNGXML -->
