<?xml version="1.0" encoding="UTF-8"?>
<!-- Generated by org.testng.reporters.JUnitReportReporter -->
<testsuite hostname="DESKTOP-4JOQSL2" failures="0" tests="3" name="automationFramework.ParameterByDataprovider" time="10.159" errors="0" timestamp="2023-07-24T15:02:10 EEST" skipped="0">
  <testcase classname="automationFramework.ParameterByDataprovider" name="testMethod" time="3.562"/>
  <testcase classname="automationFramework.ParameterByDataprovider" name="testMethod" time="3.275"/>
  <testcase classname="automationFramework.ParameterByDataprovider" name="testMethod" time="3.322"/>
</testsuite> <!-- automationFramework.ParameterByDataprovider -->
