<?xml version="1.0" encoding="UTF-8"?>
<!-- Generated by org.testng.reporters.JUnitReportReporter -->
<testsuite hostname="DESKTOP-4JOQSL2" failures="0" tests="1" name="automationFramework.TestNG" time="0.033" errors="0" timestamp="2023-07-23T10:35:03 EEST" skipped="0">
  <testcase classname="automationFramework.TestNG" name="f" time="0.033"/>
</testsuite> <!-- automationFramework.TestNG -->
