<?xml version="1.0" encoding="UTF-8"?>
<!-- Generated by org.testng.reporters.JUnitReportReporter -->
<testsuite hostname="DESKTOP-4JOQSL2" failures="0" tests="2" name="automationFramework.Sequencig" time="0.037" errors="0" timestamp="2023-07-23T01:33:47 EEST" skipped="0">
  <testcase classname="automationFramework.Sequencig" name="testCase2" time="0.011"/>
  <testcase classname="automationFramework.Sequencig" name="testCase1" time="0.026"/>
</testsuite> <!-- automationFramework.Sequencig -->
