<?xml version="1.0" encoding="UTF-8"?>
<!-- Generated by org.testng.reporters.JUnitReportReporter -->
<testsuite hostname="DESKTOP-4JOQSL2" failures="0" tests="3" name="automationFramework.Dependent" time="0.040" errors="0" timestamp="2023-07-23T16:31:03 EEST" skipped="0">
  <testcase classname="automationFramework.Dependent" name="OpenBrowser" time="0.020"/>
  <testcase classname="automationFramework.Dependent" name="LogOut" time="0.017"/>
  <testcase classname="automationFramework.Dependent" name="SignIn" time="0.003"/>
</testsuite> <!-- automationFramework.Dependent -->
