<?xml version="1.0" encoding="UTF-8"?>
<!-- Generated by org.testng.reporters.JUnitReportReporter -->
<testsuite hostname="DESKTOP-4JOQSL2" failures="0" tests="1" name="automationFramework.firsttestngfile" time="16.430" errors="0" timestamp="2023-07-19T14:40:59 EEST" skipped="0">
  <testcase classname="automationFramework.firsttestngfile" name="verifyHomepageTitle" time="16.430"/>
</testsuite> <!-- automationFramework.firsttestngfile -->
